Angular
Apache
Architecture
API
Backend
CDI
Cloud
Code splitting
Component
CSS
Data entry
DCEVM
Dependency Injection
Deploy
Domain-Driven Design
Eclipse
Embed
Flow
Fluent API
Hotswap
HotSwapAgent
I18N
IntelliJ IDEA
Internationalisation
Jar
Java
JavaScript
Jetty
jUnit5
JVM
Kotlin
Kubernetes
Layout
LitElement
Maven
Meecrowave
Microservices
Migration
Mutation Testing
Navigation
NetBeans
Offline
Payment Request
Performance
PWA
RedHat
React
Reactive
Redux
ResourceBundle
REST
Security
Shadow DOM
Spring
Spring Boot
State management
Swarm
Swing
Standard
Templating
Testbench
Thorntail
TomEE
Tree
Undertow
Vaadin 7
Vaadin 8
Validation
Vue
Web Components
Webpack
Web Payment
Webpack
Wildfly
