Angular
Apache
Architecture
API
Backend
Bower
CDI
Cloud
Code splitting
Component
CSS
Data entry
DCEVM
Dependency Injection
Design Pattern
Deploy
Domain-Driven Design
Eclipse
Embed
Extend
Flow
Fluent API
Hotswap
HotSwapAgent
I18N
Install
IntelliJ IDEA
Internationalization
Jar
Java
JavaScript
Jetty
jQuery
jUnit5
JVM
Kotlin
Kubernetes
Layout
LitElement
Maven
Meecrowave
Microservices
Migration
Mutation Testing
Navigation
NetBeans
NPM
Offline
Observer
Payment Request
Performance
PWA
RedHat
React
Reactive
Redux
ResourceBundle
REST
Router
Security
Shadow DOM
Spring
Spring Boot
State management
Swarm
Swing
Standard
Styling
Templating
Testbench
Themes
Thorntail
TomEE
Tree
Undertow
Vaadin 7
Vaadin 8
Validation
Vue
Web Components
Webpack
Web Payment
Webpack
Wildfly
